*** Starting uWSGI 2.0.23 (64bit) on [Thu Nov  9 06:35:10 2023] ***
compiled with version: 10.2.1 20210110 on 09 November 2023 06:35:02
os: Linux-6.3.13-linuxkit #1 SMP PREEMPT Thu Sep  7 07:48:47 UTC 2023
nodename: ebab4a575808
machine: aarch64
clock source: unix
pcre jit disabled
detected number of CPU cores: 4
current working directory: /service
writing pidfile to /service/uwsgi/uwsgi.pid
detected binary path: /usr/local/bin/uwsgi
chdir() to /service
your memory page size is 4096 bytes
detected max file descriptor number: 1048576
lock engine: pthread robust mutexes
thunder lock: disabled (you can enable it with --thunder-lock)
uwsgi socket 0 bound to TCP address uwsgi:/tmp/uwsgi.sock fd 3
uWSGI running as root, you can use --uid/--gid/--chroot options
*** WARNING: you are running uWSGI as root !!! (use the --uid flag) *** 
Python version: 3.10.1 (main, Dec 21 2021, 06:15:32) [GCC 10.2.1 20210110]
Python main interpreter initialized at 0xaaaae23696e0
uWSGI running as root, you can use --uid/--gid/--chroot options
*** WARNING: you are running uWSGI as root !!! (use the --uid flag) *** 
python threads support enabled
your server socket listen backlog is limited to 128 connections
your mercy for graceful operations on workers is 60 seconds
mapped 521440 bytes (509 KB) for 16 cores
*** Operational MODE: preforking+threaded ***
WSGI app 0 (mountpoint='') ready in 0 seconds on interpreter 0xaaaae23696e0 pid: 9 (default app)
uWSGI running as root, you can use --uid/--gid/--chroot options
*** WARNING: you are running uWSGI as root !!! (use the --uid flag) *** 
*** uWSGI is running in multiple interpreter mode ***
spawned uWSGI master process (pid: 9)
spawned uWSGI worker 1 (pid: 11, cores: 4)
spawned uWSGI worker 2 (pid: 12, cores: 4)
spawned uWSGI worker 3 (pid: 16, cores: 4)
spawned uWSGI worker 4 (pid: 20, cores: 4)
*** Starting uWSGI 2.0.23 (64bit) on [Thu Nov  9 06:37:55 2023] ***
compiled with version: 10.2.1 20210110 on 09 November 2023 06:37:38
os: Linux-6.3.13-linuxkit #1 SMP PREEMPT Thu Sep  7 07:48:47 UTC 2023
nodename: c28cb42aabfc
machine: aarch64
clock source: unix
pcre jit disabled
detected number of CPU cores: 4
current working directory: /service
writing pidfile to /service/uwsgi/uwsgi.pid
detected binary path: /usr/local/bin/uwsgi
uWSGI running as root, you can use --uid/--gid/--chroot options
*** WARNING: you are running uWSGI as root !!! (use the --uid flag) *** 
chdir() to /service
your memory page size is 4096 bytes
detected max file descriptor number: 1048576
lock engine: pthread robust mutexes
thunder lock: disabled (you can enable it with --thunder-lock)
uwsgi socket 0 bound to TCP address 127.0.0.1:90 fd 3
uWSGI running as root, you can use --uid/--gid/--chroot options
*** WARNING: you are running uWSGI as root !!! (use the --uid flag) *** 
Python version: 3.10.1 (main, Dec 21 2021, 06:15:32) [GCC 10.2.1 20210110]
Python main interpreter initialized at 0xaaab0188e8b0
uWSGI running as root, you can use --uid/--gid/--chroot options
*** WARNING: you are running uWSGI as root !!! (use the --uid flag) *** 
python threads support enabled
your server socket listen backlog is limited to 128 connections
your mercy for graceful operations on workers is 60 seconds
mapped 521440 bytes (509 KB) for 16 cores
*** Operational MODE: preforking+threaded ***
WSGI app 0 (mountpoint='') ready in 0 seconds on interpreter 0xaaab0188e8b0 pid: 8 (default app)
uWSGI running as root, you can use --uid/--gid/--chroot options
*** WARNING: you are running uWSGI as root !!! (use the --uid flag) *** 
*** uWSGI is running in multiple interpreter mode ***
spawned uWSGI master process (pid: 8)
spawned uWSGI worker 1 (pid: 10, cores: 4)
spawned uWSGI worker 2 (pid: 14, cores: 4)
spawned uWSGI worker 3 (pid: 15, cores: 4)
spawned uWSGI worker 4 (pid: 16, cores: 4)
*** Starting uWSGI 2.0.23 (64bit) on [Thu Nov  9 06:44:03 2023] ***
compiled with version: 10.2.1 20210110 on 09 November 2023 06:43:47
os: Linux-6.3.13-linuxkit #1 SMP PREEMPT Thu Sep  7 07:48:47 UTC 2023
nodename: 6ce62751e689
machine: aarch64
clock source: unix
pcre jit disabled
detected number of CPU cores: 4
current working directory: /service
writing pidfile to /service/uwsgi/uwsgi.pid
detected binary path: /usr/local/bin/uwsgi
uWSGI running as root, you can use --uid/--gid/--chroot options
*** WARNING: you are running uWSGI as root !!! (use the --uid flag) *** 
chdir() to /service
your memory page size is 4096 bytes
detected max file descriptor number: 1048576
lock engine: pthread robust mutexes
thunder lock: disabled (you can enable it with --thunder-lock)
uwsgi socket 0 bound to TCP address 127.0.0.1:90 fd 3
uWSGI running as root, you can use --uid/--gid/--chroot options
*** WARNING: you are running uWSGI as root !!! (use the --uid flag) *** 
Python version: 3.10.1 (main, Dec 21 2021, 06:15:32) [GCC 10.2.1 20210110]
Python main interpreter initialized at 0xaaaafcebd8b0
uWSGI running as root, you can use --uid/--gid/--chroot options
*** WARNING: you are running uWSGI as root !!! (use the --uid flag) *** 
python threads support enabled
your server socket listen backlog is limited to 128 connections
your mercy for graceful operations on workers is 60 seconds
mapped 521440 bytes (509 KB) for 16 cores
*** Operational MODE: preforking+threaded ***
WSGI app 0 (mountpoint='') ready in 1 seconds on interpreter 0xaaaafcebd8b0 pid: 10 (default app)
uWSGI running as root, you can use --uid/--gid/--chroot options
*** WARNING: you are running uWSGI as root !!! (use the --uid flag) *** 
*** uWSGI is running in multiple interpreter mode ***
spawned uWSGI master process (pid: 10)
spawned uWSGI worker 1 (pid: 11, cores: 4)
spawned uWSGI worker 2 (pid: 15, cores: 4)
spawned uWSGI worker 3 (pid: 16, cores: 4)
spawned uWSGI worker 4 (pid: 20, cores: 4)
*** Starting uWSGI 2.0.23 (64bit) on [Thu Nov  9 06:50:30 2023] ***
compiled with version: 10.2.1 20210110 on 09 November 2023 06:50:10
os: Linux-6.3.13-linuxkit #1 SMP PREEMPT Thu Sep  7 07:48:47 UTC 2023
nodename: f21bc4293341
machine: aarch64
clock source: unix
pcre jit disabled
detected number of CPU cores: 4
current working directory: /service
writing pidfile to /service/uwsgi/uwsgi.pid
detected binary path: /usr/local/bin/uwsgi
uWSGI running as root, you can use --uid/--gid/--chroot options
*** WARNING: you are running uWSGI as root !!! (use the --uid flag) *** 
chdir() to /service
your memory page size is 4096 bytes
detected max file descriptor number: 1048576
lock engine: pthread robust mutexes
thunder lock: disabled (you can enable it with --thunder-lock)
uwsgi socket 0 bound to TCP address :101 fd 3
uWSGI running as root, you can use --uid/--gid/--chroot options
*** WARNING: you are running uWSGI as root !!! (use the --uid flag) *** 
Python version: 3.10.1 (main, Dec 21 2021, 06:15:32) [GCC 10.2.1 20210110]
Python main interpreter initialized at 0xaaab05d17870
uWSGI running as root, you can use --uid/--gid/--chroot options
*** WARNING: you are running uWSGI as root !!! (use the --uid flag) *** 
python threads support enabled
your server socket listen backlog is limited to 128 connections
your mercy for graceful operations on workers is 60 seconds
mapped 521440 bytes (509 KB) for 16 cores
*** Operational MODE: preforking+threaded ***
WSGI app 0 (mountpoint='') ready in 0 seconds on interpreter 0xaaab05d17870 pid: 9 (default app)
uWSGI running as root, you can use --uid/--gid/--chroot options
*** WARNING: you are running uWSGI as root !!! (use the --uid flag) *** 
*** uWSGI is running in multiple interpreter mode ***
spawned uWSGI master process (pid: 9)
spawned uWSGI worker 1 (pid: 11, cores: 4)
spawned uWSGI worker 2 (pid: 12, cores: 4)
spawned uWSGI worker 3 (pid: 19, cores: 4)
spawned uWSGI worker 4 (pid: 22, cores: 4)
*** Starting uWSGI 2.0.23 (64bit) on [Thu Nov  9 06:51:30 2023] ***
compiled with version: 10.2.1 20210110 on 09 November 2023 06:51:14
os: Linux-6.3.13-linuxkit #1 SMP PREEMPT Thu Sep  7 07:48:47 UTC 2023
nodename: fc408c72a50d
machine: aarch64
clock source: unix
pcre jit disabled
detected number of CPU cores: 4
current working directory: /service
writing pidfile to /service/uwsgi/uwsgi.pid
detected binary path: /usr/local/bin/uwsgi
uWSGI running as root, you can use --uid/--gid/--chroot options
*** WARNING: you are running uWSGI as root !!! (use the --uid flag) *** 
chdir() to /service
your memory page size is 4096 bytes
detected max file descriptor number: 1048576
lock engine: pthread robust mutexes
thunder lock: disabled (you can enable it with --thunder-lock)
uwsgi socket 0 bound to TCP address :101 fd 3
uWSGI running as root, you can use --uid/--gid/--chroot options
*** WARNING: you are running uWSGI as root !!! (use the --uid flag) *** 
Python version: 3.10.1 (main, Dec 21 2021, 06:15:32) [GCC 10.2.1 20210110]
Python main interpreter initialized at 0xaaab11818870
uWSGI running as root, you can use --uid/--gid/--chroot options
*** WARNING: you are running uWSGI as root !!! (use the --uid flag) *** 
python threads support enabled
your server socket listen backlog is limited to 128 connections
your mercy for graceful operations on workers is 60 seconds
mapped 521440 bytes (509 KB) for 16 cores
*** Operational MODE: preforking+threaded ***
WSGI app 0 (mountpoint='') ready in 0 seconds on interpreter 0xaaab11818870 pid: 9 (default app)
uWSGI running as root, you can use --uid/--gid/--chroot options
*** WARNING: you are running uWSGI as root !!! (use the --uid flag) *** 
*** uWSGI is running in multiple interpreter mode ***
spawned uWSGI master process (pid: 9)
spawned uWSGI worker 1 (pid: 11, cores: 4)
spawned uWSGI worker 2 (pid: 12, cores: 4)
spawned uWSGI worker 3 (pid: 13, cores: 4)
spawned uWSGI worker 4 (pid: 20, cores: 4)
*** Starting uWSGI 2.0.23 (64bit) on [Thu Nov  9 06:54:10 2023] ***
compiled with version: 10.2.1 20210110 on 09 November 2023 06:53:53
os: Linux-6.3.13-linuxkit #1 SMP PREEMPT Thu Sep  7 07:48:47 UTC 2023
nodename: 3a9a96e761a5
machine: aarch64
clock source: unix
pcre jit disabled
detected number of CPU cores: 4
current working directory: /service
writing pidfile to /service/uwsgi/uwsgi.pid
detected binary path: /usr/local/bin/uwsgi
uWSGI running as root, you can use --uid/--gid/--chroot options
*** WARNING: you are running uWSGI as root !!! (use the --uid flag) *** 
chdir() to /service
your memory page size is 4096 bytes
detected max file descriptor number: 1048576
lock engine: pthread robust mutexes
thunder lock: disabled (you can enable it with --thunder-lock)
uwsgi socket 0 bound to TCP address :101 fd 3
uWSGI running as root, you can use --uid/--gid/--chroot options
*** WARNING: you are running uWSGI as root !!! (use the --uid flag) *** 
Python version: 3.10.1 (main, Dec 21 2021, 06:15:32) [GCC 10.2.1 20210110]
Python main interpreter initialized at 0xaaaabf6dd870
uWSGI running as root, you can use --uid/--gid/--chroot options
*** WARNING: you are running uWSGI as root !!! (use the --uid flag) *** 
python threads support enabled
your server socket listen backlog is limited to 128 connections
your mercy for graceful operations on workers is 60 seconds
mapped 521440 bytes (509 KB) for 16 cores
*** Operational MODE: preforking+threaded ***
WSGI app 0 (mountpoint='') ready in 0 seconds on interpreter 0xaaaabf6dd870 pid: 9 (default app)
uWSGI running as root, you can use --uid/--gid/--chroot options
*** WARNING: you are running uWSGI as root !!! (use the --uid flag) *** 
*** uWSGI is running in multiple interpreter mode ***
spawned uWSGI master process (pid: 9)
spawned uWSGI worker 1 (pid: 11, cores: 4)
spawned uWSGI worker 2 (pid: 14, cores: 4)
spawned uWSGI worker 3 (pid: 19, cores: 4)
spawned uWSGI worker 4 (pid: 23, cores: 4)
*** Starting uWSGI 2.0.23 (64bit) on [Thu Nov  9 06:57:49 2023] ***
compiled with version: 10.2.1 20210110 on 09 November 2023 06:57:32
os: Linux-6.3.13-linuxkit #1 SMP PREEMPT Thu Sep  7 07:48:47 UTC 2023
nodename: 7c08d2690908
machine: aarch64
clock source: unix
pcre jit disabled
detected number of CPU cores: 4
current working directory: /service
writing pidfile to /service/uwsgi/uwsgi.pid
detected binary path: /usr/local/bin/uwsgi
uWSGI running as root, you can use --uid/--gid/--chroot options
*** WARNING: you are running uWSGI as root !!! (use the --uid flag) *** 
chdir() to /service
your memory page size is 4096 bytes
detected max file descriptor number: 1048576
lock engine: pthread robust mutexes
thunder lock: disabled (you can enable it with --thunder-lock)
uwsgi socket 0 bound to TCP address :101 fd 3
uWSGI running as root, you can use --uid/--gid/--chroot options
*** WARNING: you are running uWSGI as root !!! (use the --uid flag) *** 
Python version: 3.10.1 (main, Dec 21 2021, 06:15:32) [GCC 10.2.1 20210110]
Python main interpreter initialized at 0xaaaac29a3870
uWSGI running as root, you can use --uid/--gid/--chroot options
*** WARNING: you are running uWSGI as root !!! (use the --uid flag) *** 
python threads support enabled
your server socket listen backlog is limited to 128 connections
your mercy for graceful operations on workers is 60 seconds
mapped 521440 bytes (509 KB) for 16 cores
*** Operational MODE: preforking+threaded ***
WSGI app 0 (mountpoint='') ready in 0 seconds on interpreter 0xaaaac29a3870 pid: 9 (default app)
uWSGI running as root, you can use --uid/--gid/--chroot options
*** WARNING: you are running uWSGI as root !!! (use the --uid flag) *** 
*** uWSGI is running in multiple interpreter mode ***
spawned uWSGI master process (pid: 9)
spawned uWSGI worker 1 (pid: 11, cores: 4)
spawned uWSGI worker 2 (pid: 12, cores: 4)
spawned uWSGI worker 3 (pid: 16, cores: 4)
spawned uWSGI worker 4 (pid: 23, cores: 4)
*** Starting uWSGI 2.0.23 (64bit) on [Thu Nov  9 07:00:49 2023] ***
compiled with version: 10.2.1 20210110 on 09 November 2023 07:00:34
os: Linux-6.3.13-linuxkit #1 SMP PREEMPT Thu Sep  7 07:48:47 UTC 2023
nodename: cd3c2ec909b6
machine: aarch64
clock source: unix
pcre jit disabled
detected number of CPU cores: 4
current working directory: /service
writing pidfile to /service/uwsgi/uwsgi.pid
detected binary path: /usr/local/bin/uwsgi
uWSGI running as root, you can use --uid/--gid/--chroot options
*** WARNING: you are running uWSGI as root !!! (use the --uid flag) *** 
chdir() to /service
your memory page size is 4096 bytes
detected max file descriptor number: 1048576
lock engine: pthread robust mutexes
thunder lock: disabled (you can enable it with --thunder-lock)
uwsgi socket 0 bound to TCP address :101 fd 3
uWSGI running as root, you can use --uid/--gid/--chroot options
*** WARNING: you are running uWSGI as root !!! (use the --uid flag) *** 
Python version: 3.10.1 (main, Dec 21 2021, 06:15:32) [GCC 10.2.1 20210110]
Python main interpreter initialized at 0xaaaac69df870
uWSGI running as root, you can use --uid/--gid/--chroot options
*** WARNING: you are running uWSGI as root !!! (use the --uid flag) *** 
python threads support enabled
your server socket listen backlog is limited to 128 connections
your mercy for graceful operations on workers is 60 seconds
mapped 521440 bytes (509 KB) for 16 cores
*** Operational MODE: preforking+threaded ***
WSGI app 0 (mountpoint='') ready in 0 seconds on interpreter 0xaaaac69df870 pid: 9 (default app)
uWSGI running as root, you can use --uid/--gid/--chroot options
*** WARNING: you are running uWSGI as root !!! (use the --uid flag) *** 
*** uWSGI is running in multiple interpreter mode ***
spawned uWSGI master process (pid: 9)
spawned uWSGI worker 1 (pid: 11, cores: 4)
spawned uWSGI worker 2 (pid: 12, cores: 4)
spawned uWSGI worker 3 (pid: 19, cores: 4)
spawned uWSGI worker 4 (pid: 22, cores: 4)
*** Starting uWSGI 2.0.23 (64bit) on [Thu Nov  9 07:01:43 2023] ***
compiled with version: 10.2.1 20210110 on 09 November 2023 07:01:26
os: Linux-6.3.13-linuxkit #1 SMP PREEMPT Thu Sep  7 07:48:47 UTC 2023
nodename: cbdb4ff8090d
machine: aarch64
clock source: unix
pcre jit disabled
detected number of CPU cores: 4
current working directory: /service
writing pidfile to /service/uwsgi/uwsgi.pid
detected binary path: /usr/local/bin/uwsgi
uWSGI running as root, you can use --uid/--gid/--chroot options
*** WARNING: you are running uWSGI as root !!! (use the --uid flag) *** 
chdir() to /service
your memory page size is 4096 bytes
detected max file descriptor number: 1048576
lock engine: pthread robust mutexes
thunder lock: disabled (you can enable it with --thunder-lock)
uwsgi socket 0 bound to TCP address :101 fd 3
uWSGI running as root, you can use --uid/--gid/--chroot options
*** WARNING: you are running uWSGI as root !!! (use the --uid flag) *** 
Python version: 3.10.1 (main, Dec 21 2021, 06:15:32) [GCC 10.2.1 20210110]
Python main interpreter initialized at 0xaaaab69a2870
uWSGI running as root, you can use --uid/--gid/--chroot options
*** WARNING: you are running uWSGI as root !!! (use the --uid flag) *** 
python threads support enabled
your server socket listen backlog is limited to 128 connections
your mercy for graceful operations on workers is 60 seconds
mapped 521440 bytes (509 KB) for 16 cores
*** Operational MODE: preforking+threaded ***
WSGI app 0 (mountpoint='') ready in 0 seconds on interpreter 0xaaaab69a2870 pid: 8 (default app)
uWSGI running as root, you can use --uid/--gid/--chroot options
*** WARNING: you are running uWSGI as root !!! (use the --uid flag) *** 
*** uWSGI is running in multiple interpreter mode ***
spawned uWSGI master process (pid: 8)
spawned uWSGI worker 1 (pid: 10, cores: 4)
spawned uWSGI worker 2 (pid: 11, cores: 4)
spawned uWSGI worker 3 (pid: 18, cores: 4)
spawned uWSGI worker 4 (pid: 19, cores: 4)
[pid: 11|app: 0|req: 1/1] 192.168.65.1 () {44 vars in 683 bytes} [Thu Nov  9 07:01:47 2023] POST /api/create_user => generated 58 bytes in 34 msecs (HTTP/1.1 200) 7 headers in 212 bytes (1 switches on core 0)
[pid: 11|app: 0|req: 2/2] 192.168.65.1 () {44 vars in 683 bytes} [Thu Nov  9 07:02:09 2023] POST /api/create_user => generated 58 bytes in 26 msecs (HTTP/1.1 200) 7 headers in 212 bytes (1 switches on core 1)
Not Found: /index.html
[pid: 18|app: 0|req: 1/3] 192.168.65.1 () {56 vars in 1146 bytes} [Thu Nov  9 07:02:37 2023] GET /index.html => generated 2216 bytes in 39 msecs (HTTP/1.1 404) 7 headers in 229 bytes (1 switches on core 0)
Not Found: /favicon.ico
[pid: 18|app: 0|req: 2/4] 192.168.65.1 () {54 vars in 1066 bytes} [Thu Nov  9 07:02:37 2023] GET /favicon.ico => generated 2219 bytes in 6 msecs (HTTP/1.1 404) 7 headers in 229 bytes (1 switches on core 2)
*** Starting uWSGI 2.0.23 (64bit) on [Thu Nov  9 07:06:05 2023] ***
compiled with version: 10.2.1 20210110 on 09 November 2023 07:05:49
os: Linux-6.3.13-linuxkit #1 SMP PREEMPT Thu Sep  7 07:48:47 UTC 2023
nodename: f8313ca63371
machine: aarch64
clock source: unix
pcre jit disabled
detected number of CPU cores: 4
current working directory: /service
writing pidfile to /service/uwsgi/uwsgi.pid
detected binary path: /usr/local/bin/uwsgi
uWSGI running as root, you can use --uid/--gid/--chroot options
*** WARNING: you are running uWSGI as root !!! (use the --uid flag) *** 
chdir() to /service
your memory page size is 4096 bytes
detected max file descriptor number: 1048576
lock engine: pthread robust mutexes
thunder lock: disabled (you can enable it with --thunder-lock)
uwsgi socket 0 bound to TCP address :101 fd 3
uWSGI running as root, you can use --uid/--gid/--chroot options
*** WARNING: you are running uWSGI as root !!! (use the --uid flag) *** 
Python version: 3.10.1 (main, Dec 21 2021, 06:15:32) [GCC 10.2.1 20210110]
Python main interpreter initialized at 0xaaaad82ca870
uWSGI running as root, you can use --uid/--gid/--chroot options
*** WARNING: you are running uWSGI as root !!! (use the --uid flag) *** 
python threads support enabled
your server socket listen backlog is limited to 128 connections
your mercy for graceful operations on workers is 60 seconds
mapped 521440 bytes (509 KB) for 16 cores
*** Operational MODE: preforking+threaded ***
WSGI app 0 (mountpoint='') ready in 0 seconds on interpreter 0xaaaad82ca870 pid: 9 (default app)
uWSGI running as root, you can use --uid/--gid/--chroot options
*** WARNING: you are running uWSGI as root !!! (use the --uid flag) *** 
*** uWSGI is running in multiple interpreter mode ***
spawned uWSGI master process (pid: 9)
spawned uWSGI worker 1 (pid: 11, cores: 4)
spawned uWSGI worker 2 (pid: 12, cores: 4)
spawned uWSGI worker 3 (pid: 18, cores: 4)
spawned uWSGI worker 4 (pid: 21, cores: 4)
[pid: 21|app: 0|req: 1/1] 192.168.65.1 () {44 vars in 683 bytes} [Thu Nov  9 07:06:07 2023] POST /api/create_user => generated 58 bytes in 21 msecs (HTTP/1.1 200) 7 headers in 212 bytes (1 switches on core 0)
Not Found: /index.html
[pid: 18|app: 0|req: 1/2] 192.168.65.1 () {56 vars in 1146 bytes} [Thu Nov  9 07:06:20 2023] GET /index.html => generated 2216 bytes in 24 msecs (HTTP/1.1 404) 7 headers in 229 bytes (1 switches on core 0)
*** Starting uWSGI 2.0.23 (64bit) on [Thu Nov  9 07:07:49 2023] ***
compiled with version: 10.2.1 20210110 on 09 November 2023 07:07:32
os: Linux-6.3.13-linuxkit #1 SMP PREEMPT Thu Sep  7 07:48:47 UTC 2023
nodename: 858d304e828f
machine: aarch64
clock source: unix
pcre jit disabled
detected number of CPU cores: 4
current working directory: /service
writing pidfile to /service/uwsgi/uwsgi.pid
detected binary path: /usr/local/bin/uwsgi
uWSGI running as root, you can use --uid/--gid/--chroot options
*** WARNING: you are running uWSGI as root !!! (use the --uid flag) *** 
chdir() to /service
your memory page size is 4096 bytes
detected max file descriptor number: 1048576
lock engine: pthread robust mutexes
thunder lock: disabled (you can enable it with --thunder-lock)
uwsgi socket 0 bound to TCP address :101 fd 3
uWSGI running as root, you can use --uid/--gid/--chroot options
*** WARNING: you are running uWSGI as root !!! (use the --uid flag) *** 
Python version: 3.10.1 (main, Dec 21 2021, 06:15:32) [GCC 10.2.1 20210110]
Python main interpreter initialized at 0xaaab18d89870
uWSGI running as root, you can use --uid/--gid/--chroot options
*** WARNING: you are running uWSGI as root !!! (use the --uid flag) *** 
python threads support enabled
your server socket listen backlog is limited to 128 connections
your mercy for graceful operations on workers is 60 seconds
mapped 521440 bytes (509 KB) for 16 cores
*** Operational MODE: preforking+threaded ***
WSGI app 0 (mountpoint='') ready in 0 seconds on interpreter 0xaaab18d89870 pid: 9 (default app)
uWSGI running as root, you can use --uid/--gid/--chroot options
*** WARNING: you are running uWSGI as root !!! (use the --uid flag) *** 
*** uWSGI is running in multiple interpreter mode ***
spawned uWSGI master process (pid: 9)
spawned uWSGI worker 1 (pid: 11, cores: 4)
spawned uWSGI worker 2 (pid: 12, cores: 4)
spawned uWSGI worker 3 (pid: 19, cores: 4)
spawned uWSGI worker 4 (pid: 23, cores: 4)
*** Starting uWSGI 2.0.23 (64bit) on [Thu Nov  9 07:10:35 2023] ***
compiled with version: 10.2.1 20210110 on 09 November 2023 07:10:19
os: Linux-6.3.13-linuxkit #1 SMP PREEMPT Thu Sep  7 07:48:47 UTC 2023
nodename: 5834cf19bdc6
machine: aarch64
clock source: unix
pcre jit disabled
detected number of CPU cores: 4
current working directory: /service
writing pidfile to /service/uwsgi/uwsgi.pid
detected binary path: /usr/local/bin/uwsgi
uWSGI running as root, you can use --uid/--gid/--chroot options
*** WARNING: you are running uWSGI as root !!! (use the --uid flag) *** 
chdir() to /service
your memory page size is 4096 bytes
detected max file descriptor number: 1048576
lock engine: pthread robust mutexes
thunder lock: disabled (you can enable it with --thunder-lock)
uwsgi socket 0 bound to TCP address :101 fd 3
uWSGI running as root, you can use --uid/--gid/--chroot options
*** WARNING: you are running uWSGI as root !!! (use the --uid flag) *** 
Python version: 3.10.1 (main, Dec 21 2021, 06:15:32) [GCC 10.2.1 20210110]
Python main interpreter initialized at 0xaaaacf1a7870
uWSGI running as root, you can use --uid/--gid/--chroot options
*** WARNING: you are running uWSGI as root !!! (use the --uid flag) *** 
python threads support enabled
your server socket listen backlog is limited to 128 connections
your mercy for graceful operations on workers is 60 seconds
mapped 521440 bytes (509 KB) for 16 cores
*** Operational MODE: preforking+threaded ***
WSGI app 0 (mountpoint='') ready in 0 seconds on interpreter 0xaaaacf1a7870 pid: 9 (default app)
uWSGI running as root, you can use --uid/--gid/--chroot options
*** WARNING: you are running uWSGI as root !!! (use the --uid flag) *** 
*** uWSGI is running in multiple interpreter mode ***
spawned uWSGI master process (pid: 9)
spawned uWSGI worker 1 (pid: 11, cores: 4)
spawned uWSGI worker 2 (pid: 12, cores: 4)
spawned uWSGI worker 3 (pid: 19, cores: 4)
spawned uWSGI worker 4 (pid: 20, cores: 4)
[pid: 19|app: 0|req: 1/1] 192.168.65.1 () {44 vars in 683 bytes} [Thu Nov  9 07:10:36 2023] POST /api/create_user => generated 58 bytes in 60 msecs (HTTP/1.1 200) 7 headers in 212 bytes (1 switches on core 0)
Not Found: /index.html
[pid: 11|app: 0|req: 1/2] 192.168.65.1 () {58 vars in 1177 bytes} [Thu Nov  9 07:10:47 2023] GET /index.html => generated 2216 bytes in 36 msecs (HTTP/1.1 404) 7 headers in 229 bytes (1 switches on core 0)
[pid: 19|app: 0|req: 2/3] 192.168.65.1 () {62 vars in 1171 bytes} [Thu Nov  9 07:10:59 2023] POST /api/create_user => generated 58 bytes in 41 msecs (HTTP/1.1 200) 9 headers in 302 bytes (1 switches on core 1)
[pid: 19|app: 0|req: 3/4] 192.168.65.1 () {66 vars in 1224 bytes} [Thu Nov  9 07:11:07 2023] POST /api/create_user => generated 58 bytes in 9 msecs (HTTP/1.1 200) 9 headers in 302 bytes (1 switches on core 3)
[pid: 19|app: 0|req: 4/5] 192.168.65.1 () {44 vars in 683 bytes} [Thu Nov  9 07:59:07 2023] POST /api/create_user => generated 58 bytes in 24 msecs (HTTP/1.1 200) 7 headers in 212 bytes (1 switches on core 0)
