2020-09-30 09:22:24,724 - python_secrete.py - line:220 - decrypt_rsa - INFO - <bound method _UrandomRNG.read of <Crypto.Random._UrandomRNG object at 0x000001873D347A58>>
2020-09-30 09:27:13,764 - python_secrete.py - line:220 - decrypt_rsa - INFO - <bound method _UrandomRNG.read of <Crypto.Random._UrandomRNG object at 0x0000020CDD0C7C18>>
2020-10-03 15:35:31,528 - python_secrete.py - line:203 - decrypt_rsa - INFO - <bound method _UrandomRNG.read of <Crypto.Random._UrandomRNG object at 0x000001AC373A8CF8>>
2020-10-03 15:36:22,877 - python_secrete.py - line:203 - decrypt_rsa - INFO - <bound method _UrandomRNG.read of <Crypto.Random._UrandomRNG object at 0x000001DF066A7FD0>>
2020-10-03 15:38:19,055 - python_secrete.py - line:203 - decrypt_rsa - INFO - <bound method _UrandomRNG.read of <Crypto.Random._UrandomRNG object at 0x000001FBAF468C88>>
2020-10-03 15:38:59,243 - python_secrete.py - line:203 - decrypt_rsa - INFO - <bound method _UrandomRNG.read of <Crypto.Random._UrandomRNG object at 0x0000023264D47FD0>>
2020-10-03 15:39:07,524 - python_secrete.py - line:203 - decrypt_rsa - INFO - <bound method _UrandomRNG.read of <Crypto.Random._UrandomRNG object at 0x0000020700BB8C88>>
2020-10-03 15:42:46,035 - python_secrete.py - line:203 - decrypt_rsa - INFO - <bound method _UrandomRNG.read of <Crypto.Random._UrandomRNG object at 0x00000216D2307FD0>>
2020-10-03 15:43:28,986 - python_secrete.py - line:203 - decrypt_rsa - INFO - <bound method _UrandomRNG.read of <Crypto.Random._UrandomRNG object at 0x000001F05AB57FD0>>
2020-10-03 15:44:39,978 - python_secrete.py - line:203 - decrypt_rsa - INFO - <bound method _UrandomRNG.read of <Crypto.Random._UrandomRNG object at 0x000001E7782F7FD0>>
2020-10-03 15:47:39,483 - python_secrete.py - line:203 - decrypt_rsa - INFO - <bound method _UrandomRNG.read of <Crypto.Random._UrandomRNG object at 0x000002AFB2EF7FD0>>
2020-10-03 15:47:44,525 - python_secrete.py - line:203 - decrypt_rsa - INFO - <bound method _UrandomRNG.read of <Crypto.Random._UrandomRNG object at 0x0000018BEE4C7FD0>>
2020-10-03 15:47:49,702 - python_secrete.py - line:203 - decrypt_rsa - INFO - <bound method _UrandomRNG.read of <Crypto.Random._UrandomRNG object at 0x00000269FE558C88>>
2020-10-03 15:47:56,694 - python_secrete.py - line:203 - decrypt_rsa - INFO - <bound method _UrandomRNG.read of <Crypto.Random._UrandomRNG object at 0x000001AAF5147FD0>>
2021-01-19 13:33:44,284 - python_secrete.py - line:152 - generate_pub_rsa_key - INFO - <bound method _UrandomRNG.read of <Crypto.Random._UrandomRNG object at 0x037E0B50>>
2021-01-19 13:33:44,612 - python_secrete.py - line:155 - generate_pub_rsa_key - INFO - Private RSA key at 0x3C06D90
2021-01-19 13:36:18,063 - python_secrete.py - line:214 - decrypt_rsa - INFO - <bound method _UrandomRNG.read of <Crypto.Random._UrandomRNG object at 0x0347ACB8>>
2021-01-19 13:36:30,778 - python_secrete.py - line:215 - decrypt_rsa - INFO - <bound method _UrandomRNG.read of <Crypto.Random._UrandomRNG object at 0x033CACB8>>
2021-01-19 13:36:40,600 - python_secrete.py - line:215 - decrypt_rsa - INFO - <bound method _UrandomRNG.read of <Crypto.Random._UrandomRNG object at 0x033CACB8>>
2021-01-19 13:36:54,441 - python_secrete.py - line:215 - decrypt_rsa - INFO - <bound method _UrandomRNG.read of <Crypto.Random._UrandomRNG object at 0x03CEACB8>>
2021-01-19 13:37:07,096 - python_secrete.py - line:215 - decrypt_rsa - INFO - <bound method _UrandomRNG.read of <Crypto.Random._UrandomRNG object at 0x0329ACB8>>
2021-01-19 13:37:07,097 - python_secrete.py - line:220 - decrypt_rsa - ERROR - 私钥解密失败，失败原因为Ciphertext with incorrect length.
2021-01-19 13:37:54,973 - python_secrete.py - line:215 - decrypt_rsa - INFO - <bound method _UrandomRNG.read of <Crypto.Random._UrandomRNG object at 0x0326ACB8>>
2021-01-19 13:38:43,625 - python_secrete.py - line:214 - decrypt_rsa - INFO - <bound method _UrandomRNG.read of <Crypto.Random._UrandomRNG object at 0x0325ACB8>>
2021-01-19 13:38:59,321 - python_secrete.py - line:214 - decrypt_rsa - INFO - <bound method _UrandomRNG.read of <Crypto.Random._UrandomRNG object at 0x0398ACB8>>
2021-01-19 13:39:06,055 - python_secrete.py - line:214 - decrypt_rsa - INFO - <bound method _UrandomRNG.read of <Crypto.Random._UrandomRNG object at 0x03ABACB8>>
2021-01-19 13:39:12,090 - python_secrete.py - line:214 - decrypt_rsa - INFO - <bound method _UrandomRNG.read of <Crypto.Random._UrandomRNG object at 0x0334ACB8>>
2021-01-19 14:06:18,895 - python_secrete.py - line:210 - decrypt_rsa - INFO - <bound method _UrandomRNG.read of <Crypto.Random._UrandomRNG object at 0x0371ACB8>>
