2021-09-03 14:32:14,085 - spider_kele_video.py - line:99 - get_video_id - INFO - https://www.kele68.com/video/video_list.html?video_type=1&page_index=1
2021-09-03 14:32:20,782 - spider_kele_video.py - line:121 - get_video_id - INFO - id列表获取失败，失败原因为Message: Reached error page: about:neterror?e=connectionFailure&u=https%3A//www.kele68.com/video/video_list.html%3Fvideo_type%3D1%26page_index%3D1&c=UTF-8&d=Firefox%20%E6%97%A0%E6%B3%95%E5%BB%BA%E7%AB%8B%E5%88%B0%20www.kele68.com%20%E6%9C%8D%E5%8A%A1%E5%99%A8%E7%9A%84%E8%BF%9E%E6%8E%A5%E3%80%82

2021-09-03 14:32:21,272 - spider_kele_video.py - line:305 - pruduct_queue - INFO - 队列中中共有0个元素
2021-09-03 14:32:21,274 - spider_kele_video.py - line:327 - run - INFO - 队列为空，当前线程___党的线程0____下载完成，退出，当前队列中的个数为0
2021-09-03 14:32:21,274 - spider_kele_video.py - line:327 - run - INFO - 队列为空，当前线程___党的线程1____下载完成，退出，当前队列中的个数为0
2021-09-03 14:32:21,274 - spider_kele_video.py - line:327 - run - INFO - 队列为空，当前线程___党的线程2____下载完成，退出，当前队列中的个数为0
2021-09-03 14:32:21,274 - spider_kele_video.py - line:327 - run - INFO - 队列为空，当前线程___党的线程3____下载完成，退出，当前队列中的个数为0
2021-09-03 14:32:21,275 - spider_kele_video.py - line:327 - run - INFO - 队列为空，当前线程___党的线程4____下载完成，退出，当前队列中的个数为0
2021-09-03 14:32:21,275 - spider_kele_video.py - line:327 - run - INFO - 队列为空，当前线程___党的线程5____下载完成，退出，当前队列中的个数为0
2021-09-03 14:32:21,275 - spider_kele_video.py - line:327 - run - INFO - 队列为空，当前线程___党的线程6____下载完成，退出，当前队列中的个数为0
2021-09-03 14:32:21,275 - spider_kele_video.py - line:327 - run - INFO - 队列为空，当前线程___党的线程7____下载完成，退出，当前队列中的个数为0
2021-09-03 14:32:21,276 - spider_kele_video.py - line:327 - run - INFO - 队列为空，当前线程___党的线程8____下载完成，退出，当前队列中的个数为0
2021-09-03 14:32:21,276 - spider_kele_video.py - line:327 - run - INFO - 队列为空，当前线程___党的线程9____下载完成，退出，当前队列中的个数为0
2021-09-03 14:32:21,276 - spider_kele_video.py - line:327 - run - INFO - 队列为空，当前线程___党的线程10____下载完成，退出，当前队列中的个数为0
2021-09-03 14:32:21,277 - spider_kele_video.py - line:327 - run - INFO - 队列为空，当前线程___党的线程11____下载完成，退出，当前队列中的个数为0
2021-09-03 14:32:21,277 - spider_kele_video.py - line:327 - run - INFO - 队列为空，当前线程___党的线程12____下载完成，退出，当前队列中的个数为0
2021-09-03 14:32:21,277 - spider_kele_video.py - line:327 - run - INFO - 队列为空，当前线程___党的线程13____下载完成，退出，当前队列中的个数为0
2021-09-03 14:32:21,278 - spider_kele_video.py - line:327 - run - INFO - 队列为空，当前线程___党的线程14____下载完成，退出，当前队列中的个数为0
2021-09-03 14:32:21,278 - spider_kele_video.py - line:327 - run - INFO - 队列为空，当前线程___党的线程15____下载完成，退出，当前队列中的个数为0
2021-09-03 14:32:21,278 - spider_kele_video.py - line:327 - run - INFO - 队列为空，当前线程___党的线程16____下载完成，退出，当前队列中的个数为0
2021-09-03 14:32:21,278 - spider_kele_video.py - line:327 - run - INFO - 队列为空，当前线程___党的线程17____下载完成，退出，当前队列中的个数为0
2021-09-03 14:32:21,278 - spider_kele_video.py - line:327 - run - INFO - 队列为空，当前线程___党的线程18____下载完成，退出，当前队列中的个数为0
2021-09-03 14:32:21,279 - spider_kele_video.py - line:327 - run - INFO - 队列为空，当前线程___党的线程19____下载完成，退出，当前队列中的个数为0
2021-09-03 14:32:21,279 - spider_kele_video.py - line:327 - run - INFO - 队列为空，当前线程___党的线程20____下载完成，退出，当前队列中的个数为0
2021-09-03 14:32:21,279 - spider_kele_video.py - line:327 - run - INFO - 队列为空，当前线程___党的线程21____下载完成，退出，当前队列中的个数为0
2021-09-03 14:32:21,279 - spider_kele_video.py - line:327 - run - INFO - 队列为空，当前线程___党的线程22____下载完成，退出，当前队列中的个数为0
2021-09-03 14:32:21,279 - spider_kele_video.py - line:327 - run - INFO - 队列为空，当前线程___党的线程23____下载完成，退出，当前队列中的个数为0
2021-09-03 14:32:21,279 - spider_kele_video.py - line:327 - run - INFO - 队列为空，当前线程___党的线程24____下载完成，退出，当前队列中的个数为0
2021-09-03 14:32:21,280 - spider_kele_video.py - line:327 - run - INFO - 队列为空，当前线程___党的线程25____下载完成，退出，当前队列中的个数为0
2021-09-03 14:32:21,280 - spider_kele_video.py - line:327 - run - INFO - 队列为空，当前线程___党的线程26____下载完成，退出，当前队列中的个数为0
2021-09-03 14:32:21,280 - spider_kele_video.py - line:327 - run - INFO - 队列为空，当前线程___党的线程27____下载完成，退出，当前队列中的个数为0
2021-09-03 14:32:21,280 - spider_kele_video.py - line:327 - run - INFO - 队列为空，当前线程___党的线程28____下载完成，退出，当前队列中的个数为0
2021-09-03 14:32:21,280 - spider_kele_video.py - line:327 - run - INFO - 队列为空，当前线程___党的线程29____下载完成，退出，当前队列中的个数为0
2021-09-03 14:32:21,280 - spider_kele_video.py - line:363 - <module> - INFO - 线程___党的线程0____回收完成
2021-09-03 14:32:21,281 - spider_kele_video.py - line:363 - <module> - INFO - 线程___党的线程1____回收完成
2021-09-03 14:32:21,281 - spider_kele_video.py - line:363 - <module> - INFO - 线程___党的线程2____回收完成
2021-09-03 14:32:21,281 - spider_kele_video.py - line:363 - <module> - INFO - 线程___党的线程3____回收完成
2021-09-03 14:32:21,281 - spider_kele_video.py - line:363 - <module> - INFO - 线程___党的线程4____回收完成
2021-09-03 14:32:21,281 - spider_kele_video.py - line:363 - <module> - INFO - 线程___党的线程5____回收完成
2021-09-03 14:32:21,281 - spider_kele_video.py - line:363 - <module> - INFO - 线程___党的线程6____回收完成
2021-09-03 14:32:21,281 - spider_kele_video.py - line:363 - <module> - INFO - 线程___党的线程7____回收完成
2021-09-03 14:32:21,281 - spider_kele_video.py - line:363 - <module> - INFO - 线程___党的线程8____回收完成
2021-09-03 14:32:21,281 - spider_kele_video.py - line:363 - <module> - INFO - 线程___党的线程9____回收完成
2021-09-03 14:32:21,281 - spider_kele_video.py - line:363 - <module> - INFO - 线程___党的线程10____回收完成
2021-09-03 14:32:21,281 - spider_kele_video.py - line:363 - <module> - INFO - 线程___党的线程11____回收完成
2021-09-03 14:32:21,281 - spider_kele_video.py - line:363 - <module> - INFO - 线程___党的线程12____回收完成
2021-09-03 14:32:21,281 - spider_kele_video.py - line:363 - <module> - INFO - 线程___党的线程13____回收完成
2021-09-03 14:32:21,281 - spider_kele_video.py - line:363 - <module> - INFO - 线程___党的线程14____回收完成
2021-09-03 14:32:21,282 - spider_kele_video.py - line:363 - <module> - INFO - 线程___党的线程15____回收完成
2021-09-03 14:32:21,282 - spider_kele_video.py - line:363 - <module> - INFO - 线程___党的线程16____回收完成
2021-09-03 14:32:21,282 - spider_kele_video.py - line:363 - <module> - INFO - 线程___党的线程17____回收完成
2021-09-03 14:32:21,282 - spider_kele_video.py - line:363 - <module> - INFO - 线程___党的线程18____回收完成
2021-09-03 14:32:21,282 - spider_kele_video.py - line:363 - <module> - INFO - 线程___党的线程19____回收完成
2021-09-03 14:32:21,282 - spider_kele_video.py - line:363 - <module> - INFO - 线程___党的线程20____回收完成
2021-09-03 14:32:21,282 - spider_kele_video.py - line:363 - <module> - INFO - 线程___党的线程21____回收完成
2021-09-03 14:32:21,282 - spider_kele_video.py - line:363 - <module> - INFO - 线程___党的线程22____回收完成
2021-09-03 14:32:21,282 - spider_kele_video.py - line:363 - <module> - INFO - 线程___党的线程23____回收完成
2021-09-03 14:32:21,282 - spider_kele_video.py - line:363 - <module> - INFO - 线程___党的线程24____回收完成
2021-09-03 14:32:21,282 - spider_kele_video.py - line:363 - <module> - INFO - 线程___党的线程25____回收完成
2021-09-03 14:32:21,282 - spider_kele_video.py - line:363 - <module> - INFO - 线程___党的线程26____回收完成
2021-09-03 14:32:21,282 - spider_kele_video.py - line:363 - <module> - INFO - 线程___党的线程27____回收完成
2021-09-03 14:32:21,282 - spider_kele_video.py - line:363 - <module> - INFO - 线程___党的线程28____回收完成
2021-09-03 14:32:21,282 - spider_kele_video.py - line:363 - <module> - INFO - 线程___党的线程29____回收完成
